<?xml version="1.0" encoding="UTF-8"?>
<testng-results total="1" passed="1" failed="0" skipped="0">
  <reporter-output>
  </reporter-output>
  <suite started-at="2022-12-21T04:38:36Z" name="Default suite" finished-at="2022-12-21T04:38:36Z" duration-ms="57">
    <groups>
    </groups>
    <test started-at="2022-12-21T04:38:36Z" name="Default test" finished-at="2022-12-21T04:38:36Z" duration-ms="57">
      <class name="com.jenkindemo.framework.Demo">
        <test-method signature="test1()[pri:0, instance:com.jenkindemo.framework.Demo@6d07a63d]" started-at="2022-12-21T10:08:36Z" name="test1" finished-at="2022-12-21T10:08:36Z" duration-ms="24" status="PASS">
          <reporter-output>
          </reporter-output>
        </test-method> <!-- test1 -->
      </class> <!-- com.jenkindemo.framework.Demo -->
    </test> <!-- Default test -->
  </suite> <!-- Default suite -->
</testng-results>
